0 info it worked if it ends with ok
1 verbose cli [ '/usr/local/bin/node', '/usr/local/bin/npm', 'run', 'test' ]
2 info using npm@2.14.12
3 info using node@v4.3.1
4 verbose run-script [ 'pretest', 'test', 'posttest' ]
5 info pretest e2e-test@1.0.0
6 info test e2e-test@1.0.0
7 verbose unsafe-perm in lifecycle true
8 info e2e-test@1.0.0 Failed to exec test script
9 verbose stack Error: e2e-test@1.0.0 test: `protractor e2e/protractor.conf.js`
9 verbose stack Exit status 1
9 verbose stack     at EventEmitter.<anonymous> (/usr/local/lib/node_modules/npm/lib/utils/lifecycle.js:214:16)
9 verbose stack     at emitTwo (events.js:87:13)
9 verbose stack     at EventEmitter.emit (events.js:172:7)
9 verbose stack     at ChildProcess.<anonymous> (/usr/local/lib/node_modules/npm/lib/utils/spawn.js:24:14)
9 verbose stack     at emitTwo (events.js:87:13)
9 verbose stack     at ChildProcess.emit (events.js:172:7)
9 verbose stack     at maybeClose (internal/child_process.js:821:16)
9 verbose stack     at Process.ChildProcess._handle.onexit (internal/child_process.js:211:5)
10 verbose pkgid e2e-test@1.0.0
11 verbose cwd /Users/gengwuli/Desktop/RiceSpring16/comp531/Heroku/hw6-draftback/frontend
12 error Darwin 15.3.0
13 error argv "/usr/local/bin/node" "/usr/local/bin/npm" "run" "test"
14 error node v4.3.1
15 error npm  v2.14.12
16 error code ELIFECYCLE
17 error e2e-test@1.0.0 test: `protractor e2e/protractor.conf.js`
17 error Exit status 1
18 error Failed at the e2e-test@1.0.0 test script 'protractor e2e/protractor.conf.js'.
18 error This is most likely a problem with the e2e-test package,
18 error not with npm itself.
18 error Tell the author that this fails on your system:
18 error     protractor e2e/protractor.conf.js
18 error You can get their info via:
18 error     npm owner ls e2e-test
18 error There is likely additional logging output above.
19 verbose exit [ 1, true ]
